*INFO* 	2016/11/02 - 13:30:30: Form data generation for cart #14072 with standard payment.
*INFO* 	2016/11/02 - 13:30:30: Data to be sent to payment platform : Array
(
    [signature] => ae6c811e672eff5977cc3c3dad60f669f1568c5d
    [vads_action_mode] => INTERACTIVE
    [vads_amount] => 1100
    [vads_contrib] => Prestashop1.5.0.x_1.2f/1.6.1.6
    [vads_ctx_mode] => PRODUCTION
    [vads_currency] => 978
    [vads_cust_address] => eazeaeaeazeazeaze eaeazea
    [vads_cust_country] => FR
    [vads_cust_email] => alexandre@yateo.coma
    [vads_cust_id] => 14278
    [vads_cust_phone] => 0102030201
    [vads_cust_city] => taaa
    [vads_cust_zip] => 01020
    [vads_language] => fr
    [vads_order_id] => 14072
    [vads_order_info] => Paiement par carte bancaire
    [vads_page_action] => PAYMENT
    [vads_payment_cards] => CB;VISA;VISA_ELECTRON;MASTERCARD;MAESTRO;E-CARTEBLEUE
    [vads_payment_config] => SINGLE
    [vads_redirect_error_message] => Redirection vers la boutique dans quelques instants...
    [vads_redirect_error_timeout] => 5
    [vads_redirect_success_message] => Redirection vers la boutique dans quelques instants...
    [vads_redirect_success_timeout] => 0
    [vads_return_mode] => GET
    [vads_ship_to_phone_num] => 0102030201
    [vads_ship_to_street] => eazeaeaeazeazeaze
    [vads_ship_to_street2] => eaeazea
    [vads_ship_to_country] => FR
    [vads_ship_to_city] => taaa
    [vads_ship_to_zip] => 01020
    [vads_site_id] => 84119951
    [vads_trans_date] => 20161102123030
    [vads_trans_id] => 486307
    [vads_url_return] => http://blf.dev.yateo.com/module/systempay/submit
    [vads_version] => V2
    [vads_threeds_mpi] => 2
    [vads_cust_first_name] => Eazea
    [vads_cust_last_name] => eazeaz
    [vads_ship_to_first_name] => Eazea
    [vads_ship_to_last_name] => eazeaz
)

