*ERROR* 	2016/11/08 - 13:12:37: Shop not found at line 404 in file classes/shop/Shop.php
*ERROR* 	2016/11/08 - 13:13:06: Shop not found at line 404 in file classes/shop/Shop.php
*ERROR* 	2016/11/08 - 13:13:06: Shop not found at line 404 in file classes/shop/Shop.php
*ERROR* 	2016/11/08 - 13:13:15: Shop not found at line 404 in file classes/shop/Shop.php
*ERROR* 	2016/11/08 - 13:14:23: Shop not found at line 404 in file classes/shop/Shop.php
*ERROR* 	2016/11/08 - 13:14:23: Shop not found at line 404 in file classes/shop/Shop.php
*ERROR* 	2016/11/08 - 13:17:07: Shop not found at line 404 in file classes/shop/Shop.php
*ERROR* 	2016/11/08 - 13:17:16: Shop not found at line 404 in file classes/shop/Shop.php
*ERROR* 	2016/11/08 - 13:17:39: Shop not found at line 404 in file classes/shop/Shop.php
*ERROR* 	2016/11/08 - 13:17:45: Shop not found at line 404 in file classes/shop/Shop.php
*ERROR* 	2016/11/08 - 13:17:45: Shop not found at line 404 in file classes/shop/Shop.php
*ERROR* 	2016/11/08 - 13:17:46: Shop not found at line 404 in file classes/shop/Shop.php
*ERROR* 	2016/11/08 - 13:17:52: Shop not found at line 404 in file classes/shop/Shop.php
*ERROR* 	2016/11/08 - 13:17:56: Shop not found at line 404 in file classes/shop/Shop.php
*ERROR* 	2016/11/08 - 13:17:56: Shop not found at line 404 in file classes/shop/Shop.php
*ERROR* 	2016/11/08 - 13:17:57: Shop not found at line 404 in file classes/shop/Shop.php
*ERROR* 	2016/11/08 - 13:17:58: Shop not found at line 404 in file classes/shop/Shop.php
*ERROR* 	2016/11/08 - 13:17:59: Shop not found at line 404 in file classes/shop/Shop.php
*ERROR* 	2016/11/08 - 13:17:59: Shop not found at line 404 in file classes/shop/Shop.php
*ERROR* 	2016/11/08 - 13:17:59: Shop not found at line 404 in file classes/shop/Shop.php
*ERROR* 	2016/11/08 - 13:18:00: Shop not found at line 404 in file classes/shop/Shop.php
*ERROR* 	2016/11/08 - 13:18:00: Shop not found at line 404 in file classes/shop/Shop.php
*ERROR* 	2016/11/08 - 13:18:00: Shop not found at line 404 in file classes/shop/Shop.php
*ERROR* 	2016/11/08 - 13:18:00: Shop not found at line 404 in file classes/shop/Shop.php
*ERROR* 	2016/11/08 - 13:18:01: Shop not found at line 404 in file classes/shop/Shop.php
*ERROR* 	2016/11/08 - 13:18:01: Shop not found at line 404 in file classes/shop/Shop.php
*ERROR* 	2016/11/08 - 13:18:01: Shop not found at line 404 in file classes/shop/Shop.php
*ERROR* 	2016/11/08 - 13:18:03: Shop not found at line 404 in file classes/shop/Shop.php
*ERROR* 	2016/11/08 - 13:18:05: Shop not found at line 404 in file classes/shop/Shop.php
*ERROR* 	2016/11/08 - 13:18:05: Shop not found at line 404 in file classes/shop/Shop.php
*ERROR* 	2016/11/08 - 13:18:09: Shop not found at line 404 in file classes/shop/Shop.php
*ERROR* 	2016/11/08 - 13:18:09: Shop not found at line 404 in file classes/shop/Shop.php
*ERROR* 	2016/11/08 - 13:18:10: Shop not found at line 404 in file classes/shop/Shop.php
*ERROR* 	2016/11/08 - 13:18:27: Shop not found at line 404 in file classes/shop/Shop.php
*ERROR* 	2016/11/08 - 13:18:30: Shop not found at line 404 in file classes/shop/Shop.php
*ERROR* 	2016/11/08 - 13:18:31: Shop not found at line 404 in file classes/shop/Shop.php
*ERROR* 	2016/11/08 - 13:18:31: Shop not found at line 404 in file classes/shop/Shop.php
*ERROR* 	2016/11/08 - 13:18:32: Shop not found at line 404 in file classes/shop/Shop.php
*ERROR* 	2016/11/08 - 13:18:33: Shop not found at line 404 in file classes/shop/Shop.php
*ERROR* 	2016/11/08 - 13:18:45: Shop not found at line 404 in file classes/shop/Shop.php
*ERROR* 	2016/11/08 - 13:18:49: Shop not found at line 404 in file classes/shop/Shop.php
*ERROR* 	2016/11/08 - 13:19:27: Shop not found at line 404 in file classes/shop/Shop.php
*ERROR* 	2016/11/08 - 13:19:57: Shop not found at line 404 in file classes/shop/Shop.php
*ERROR* 	2016/11/08 - 13:19:57: Shop not found at line 404 in file classes/shop/Shop.php
*ERROR* 	2016/11/08 - 13:20:06: Shop not found at line 404 in file classes/shop/Shop.php
*ERROR* 	2016/11/08 - 13:20:12: Shop not found at line 404 in file classes/shop/Shop.php
*ERROR* 	2016/11/08 - 13:20:16: Shop not found at line 404 in file classes/shop/Shop.php
*ERROR* 	2016/11/08 - 13:20:20: Shop not found at line 404 in file classes/shop/Shop.php
*ERROR* 	2016/11/08 - 13:20:27: Shop not found at line 404 in file classes/shop/Shop.php
*ERROR* 	2016/11/08 - 13:20:27: Shop not found at line 404 in file classes/shop/Shop.php
*ERROR* 	2016/11/08 - 13:20:53: Shop not found at line 404 in file classes/shop/Shop.php
*ERROR* 	2016/11/08 - 13:21:03: Shop not found at line 404 in file classes/shop/Shop.php
*ERROR* 	2016/11/08 - 13:21:06: Shop not found at line 404 in file classes/shop/Shop.php
*ERROR* 	2016/11/08 - 13:21:08: Shop not found at line 404 in file classes/shop/Shop.php
*ERROR* 	2016/11/08 - 13:21:16: Shop not found at line 404 in file classes/shop/Shop.php
*ERROR* 	2016/11/08 - 13:21:24: Shop not found at line 404 in file classes/shop/Shop.php
*ERROR* 	2016/11/08 - 13:21:24: Shop not found at line 404 in file classes/shop/Shop.php
*ERROR* 	2016/11/08 - 13:21:25: Shop not found at line 404 in file classes/shop/Shop.php
*ERROR* 	2016/11/08 - 13:21:25: Shop not found at line 404 in file classes/shop/Shop.php
*ERROR* 	2016/11/08 - 13:21:31: Shop not found at line 404 in file classes/shop/Shop.php
*ERROR* 	2016/11/08 - 13:21:31: Shop not found at line 404 in file classes/shop/Shop.php
*ERROR* 	2016/11/08 - 13:21:35: Shop not found at line 404 in file classes/shop/Shop.php
*ERROR* 	2016/11/08 - 13:21:38: Shop not found at line 404 in file classes/shop/Shop.php
*ERROR* 	2016/11/08 - 13:21:39: Shop not found at line 404 in file classes/shop/Shop.php
*ERROR* 	2016/11/08 - 13:21:53: Shop not found at line 404 in file classes/shop/Shop.php
*ERROR* 	2016/11/08 - 13:21:55: Shop not found at line 404 in file classes/shop/Shop.php
*ERROR* 	2016/11/08 - 13:21:57: Shop not found at line 404 in file classes/shop/Shop.php
*ERROR* 	2016/11/08 - 13:22:03: Shop not found at line 404 in file classes/shop/Shop.php
*ERROR* 	2016/11/08 - 13:22:06: Shop not found at line 404 in file classes/shop/Shop.php
*ERROR* 	2016/11/08 - 13:22:40: Shop not found at line 404 in file classes/shop/Shop.php
*ERROR* 	2016/11/08 - 13:22:49: Shop not found at line 404 in file classes/shop/Shop.php
*ERROR* 	2016/11/08 - 13:22:59: Shop not found at line 404 in file classes/shop/Shop.php
*ERROR* 	2016/11/08 - 13:23:09: Shop not found at line 404 in file classes/shop/Shop.php
*ERROR* 	2016/11/08 - 13:23:11: Shop not found at line 404 in file classes/shop/Shop.php
*ERROR* 	2016/11/08 - 13:23:11: Shop not found at line 404 in file classes/shop/Shop.php
*ERROR* 	2016/11/08 - 13:23:12: Shop not found at line 404 in file classes/shop/Shop.php
*ERROR* 	2016/11/08 - 13:23:12: Shop not found at line 404 in file classes/shop/Shop.php
*ERROR* 	2016/11/08 - 13:23:12: Shop not found at line 404 in file classes/shop/Shop.php
*ERROR* 	2016/11/08 - 13:23:13: Shop not found at line 404 in file classes/shop/Shop.php
*ERROR* 	2016/11/08 - 13:23:13: Shop not found at line 404 in file classes/shop/Shop.php
*ERROR* 	2016/11/08 - 13:23:13: Shop not found at line 404 in file classes/shop/Shop.php
*ERROR* 	2016/11/08 - 13:23:14: Shop not found at line 404 in file classes/shop/Shop.php
*ERROR* 	2016/11/08 - 13:23:18: Shop not found at line 404 in file classes/shop/Shop.php
*ERROR* 	2016/11/08 - 13:23:22: Shop not found at line 404 in file classes/shop/Shop.php
*ERROR* 	2016/11/08 - 13:23:22: Shop not found at line 404 in file classes/shop/Shop.php
*ERROR* 	2016/11/08 - 13:23:22: Shop not found at line 404 in file classes/shop/Shop.php
*ERROR* 	2016/11/08 - 13:23:22: Shop not found at line 404 in file classes/shop/Shop.php
*ERROR* 	2016/11/08 - 13:23:38: Shop not found at line 404 in file classes/shop/Shop.php
*ERROR* 	2016/11/08 - 13:23:41: Shop not found at line 404 in file classes/shop/Shop.php
*ERROR* 	2016/11/08 - 13:23:42: Shop not found at line 404 in file classes/shop/Shop.php
*ERROR* 	2016/11/08 - 13:23:43: Shop not found at line 404 in file classes/shop/Shop.php
*ERROR* 	2016/11/08 - 13:23:43: Shop not found at line 404 in file classes/shop/Shop.php
*ERROR* 	2016/11/08 - 13:24:02: Shop not found at line 404 in file classes/shop/Shop.php
*ERROR* 	2016/11/08 - 13:24:02: Shop not found at line 404 in file classes/shop/Shop.php
*ERROR* 	2016/11/08 - 13:24:15: Shop not found at line 404 in file classes/shop/Shop.php
*ERROR* 	2016/11/08 - 13:24:25: Shop not found at line 404 in file classes/shop/Shop.php
*ERROR* 	2016/11/08 - 13:24:56: Shop not found at line 404 in file classes/shop/Shop.php
*ERROR* 	2016/11/08 - 13:25:40: Shop not found at line 404 in file classes/shop/Shop.php
*ERROR* 	2016/11/08 - 13:26:24: Shop not found at line 404 in file classes/shop/Shop.php
*ERROR* 	2016/11/08 - 13:26:35: Shop not found at line 404 in file classes/shop/Shop.php
*ERROR* 	2016/11/08 - 13:26:43: Shop not found at line 404 in file classes/shop/Shop.php
*ERROR* 	2016/11/08 - 13:26:53: Shop not found at line 404 in file classes/shop/Shop.php
*ERROR* 	2016/11/08 - 13:27:01: Shop not found at line 404 in file classes/shop/Shop.php
*ERROR* 	2016/11/08 - 14:18:05: Shop not found at line 404 in file classes/shop/Shop.php
*ERROR* 	2016/11/08 - 14:18:17: Shop not found at line 404 in file classes/shop/Shop.php
*ERROR* 	2016/11/08 - 14:18:22: Shop not found at line 404 in file classes/shop/Shop.php
*ERROR* 	2016/11/08 - 14:18:23: Shop not found at line 404 in file classes/shop/Shop.php
*ERROR* 	2016/11/08 - 14:18:23: Shop not found at line 404 in file classes/shop/Shop.php
*ERROR* 	2016/11/08 - 14:18:23: Shop not found at line 404 in file classes/shop/Shop.php
*ERROR* 	2016/11/08 - 14:18:23: Shop not found at line 404 in file classes/shop/Shop.php
*ERROR* 	2016/11/08 - 14:18:24: Shop not found at line 404 in file classes/shop/Shop.php
*ERROR* 	2016/11/08 - 14:18:25: Shop not found at line 404 in file classes/shop/Shop.php
*ERROR* 	2016/11/08 - 14:18:27: Shop not found at line 404 in file classes/shop/Shop.php
*ERROR* 	2016/11/08 - 14:18:27: Shop not found at line 404 in file classes/shop/Shop.php
*ERROR* 	2016/11/08 - 14:18:27: Shop not found at line 404 in file classes/shop/Shop.php
*ERROR* 	2016/11/08 - 14:18:31: Shop not found at line 404 in file classes/shop/Shop.php
*ERROR* 	2016/11/08 - 14:18:31: Shop not found at line 404 in file classes/shop/Shop.php
*ERROR* 	2016/11/08 - 14:18:31: Shop not found at line 404 in file classes/shop/Shop.php
*ERROR* 	2016/11/08 - 14:18:33: Shop not found at line 404 in file classes/shop/Shop.php
*ERROR* 	2016/11/08 - 14:18:33: Shop not found at line 404 in file classes/shop/Shop.php
*ERROR* 	2016/11/08 - 14:18:33: Shop not found at line 404 in file classes/shop/Shop.php
*ERROR* 	2016/11/08 - 14:18:37: Shop not found at line 404 in file classes/shop/Shop.php
*ERROR* 	2016/11/08 - 14:18:37: Shop not found at line 404 in file classes/shop/Shop.php
*ERROR* 	2016/11/08 - 14:18:37: Shop not found at line 404 in file classes/shop/Shop.php
*ERROR* 	2016/11/08 - 14:18:45: Shop not found at line 404 in file classes/shop/Shop.php
*ERROR* 	2016/11/08 - 14:18:45: Shop not found at line 404 in file classes/shop/Shop.php
*ERROR* 	2016/11/08 - 14:18:45: Shop not found at line 404 in file classes/shop/Shop.php
*ERROR* 	2016/11/08 - 14:18:48: Shop not found at line 404 in file classes/shop/Shop.php
*ERROR* 	2016/11/08 - 14:18:49: Shop not found at line 404 in file classes/shop/Shop.php
*ERROR* 	2016/11/08 - 14:18:49: Shop not found at line 404 in file classes/shop/Shop.php
*ERROR* 	2016/11/08 - 14:19:02: Shop not found at line 404 in file classes/shop/Shop.php
*ERROR* 	2016/11/08 - 14:19:20: Shop not found at line 404 in file classes/shop/Shop.php
*ERROR* 	2016/11/08 - 14:19:44: Shop not found at line 404 in file classes/shop/Shop.php
*ERROR* 	2016/11/08 - 14:19:44: Shop not found at line 404 in file classes/shop/Shop.php
*ERROR* 	2016/11/08 - 14:19:52: Shop not found at line 404 in file classes/shop/Shop.php
*ERROR* 	2016/11/08 - 14:19:55: Shop not found at line 404 in file classes/shop/Shop.php
*ERROR* 	2016/11/08 - 14:19:57: Shop not found at line 404 in file classes/shop/Shop.php
*ERROR* 	2016/11/08 - 14:20:00: Shop not found at line 404 in file classes/shop/Shop.php
*ERROR* 	2016/11/08 - 14:20:01: Shop not found at line 404 in file classes/shop/Shop.php
*ERROR* 	2016/11/08 - 14:20:11: Shop not found at line 404 in file classes/shop/Shop.php
*ERROR* 	2016/11/08 - 14:20:11: Shop not found at line 404 in file classes/shop/Shop.php
*ERROR* 	2016/11/08 - 14:20:11: Shop not found at line 404 in file classes/shop/Shop.php
*ERROR* 	2016/11/08 - 14:20:12: Shop not found at line 404 in file classes/shop/Shop.php
*ERROR* 	2016/11/08 - 14:20:15: Shop not found at line 404 in file classes/shop/Shop.php
*ERROR* 	2016/11/08 - 14:20:36: Shop not found at line 404 in file classes/shop/Shop.php
*ERROR* 	2016/11/08 - 14:20:36: Shop not found at line 404 in file classes/shop/Shop.php
*ERROR* 	2016/11/08 - 14:20:39: Shop not found at line 404 in file classes/shop/Shop.php
*ERROR* 	2016/11/08 - 14:20:39: Shop not found at line 404 in file classes/shop/Shop.php
*ERROR* 	2016/11/08 - 14:20:39: Shop not found at line 404 in file classes/shop/Shop.php
*ERROR* 	2016/11/08 - 14:20:42: Shop not found at line 404 in file classes/shop/Shop.php
*ERROR* 	2016/11/08 - 14:20:51: Shop not found at line 404 in file classes/shop/Shop.php
*ERROR* 	2016/11/08 - 14:20:51: Shop not found at line 404 in file classes/shop/Shop.php
*ERROR* 	2016/11/08 - 14:20:51: Shop not found at line 404 in file classes/shop/Shop.php
*ERROR* 	2016/11/08 - 14:21:08: Shop not found at line 404 in file classes/shop/Shop.php
*ERROR* 	2016/11/08 - 14:21:08: Shop not found at line 404 in file classes/shop/Shop.php
*ERROR* 	2016/11/08 - 14:21:08: Shop not found at line 404 in file classes/shop/Shop.php
*ERROR* 	2016/11/08 - 14:21:13: Shop not found at line 404 in file classes/shop/Shop.php
*ERROR* 	2016/11/08 - 14:21:13: Shop not found at line 404 in file classes/shop/Shop.php
*ERROR* 	2016/11/08 - 14:21:13: Shop not found at line 404 in file classes/shop/Shop.php
*ERROR* 	2016/11/08 - 14:21:17: Shop not found at line 404 in file classes/shop/Shop.php
*ERROR* 	2016/11/08 - 14:21:17: Shop not found at line 404 in file classes/shop/Shop.php
*ERROR* 	2016/11/08 - 14:21:18: Shop not found at line 404 in file classes/shop/Shop.php
*ERROR* 	2016/11/08 - 14:21:27: Shop not found at line 404 in file classes/shop/Shop.php
*ERROR* 	2016/11/08 - 14:21:45: Shop not found at line 404 in file classes/shop/Shop.php
*ERROR* 	2016/11/08 - 14:22:10: Shop not found at line 404 in file classes/shop/Shop.php
*ERROR* 	2016/11/08 - 14:22:59: Shop not found at line 404 in file classes/shop/Shop.php
*ERROR* 	2016/11/08 - 14:23:16: Shop not found at line 404 in file classes/shop/Shop.php
*ERROR* 	2016/11/08 - 14:23:16: Shop not found at line 404 in file classes/shop/Shop.php
*ERROR* 	2016/11/08 - 14:23:25: Shop not found at line 404 in file classes/shop/Shop.php
*ERROR* 	2016/11/08 - 14:23:25: Shop not found at line 404 in file classes/shop/Shop.php
*ERROR* 	2016/11/08 - 14:23:25: Shop not found at line 404 in file classes/shop/Shop.php
*ERROR* 	2016/11/08 - 14:23:25: Shop not found at line 404 in file classes/shop/Shop.php
*ERROR* 	2016/11/08 - 14:23:27: Shop not found at line 404 in file classes/shop/Shop.php
*ERROR* 	2016/11/08 - 14:23:27: Shop not found at line 404 in file classes/shop/Shop.php
*ERROR* 	2016/11/08 - 14:23:28: Shop not found at line 404 in file classes/shop/Shop.php
*ERROR* 	2016/11/08 - 14:23:35: Shop not found at line 404 in file classes/shop/Shop.php
*ERROR* 	2016/11/08 - 14:23:39: Shop not found at line 404 in file classes/shop/Shop.php
*ERROR* 	2016/11/08 - 14:23:40: Shop not found at line 404 in file classes/shop/Shop.php
*ERROR* 	2016/11/08 - 14:23:45: Shop not found at line 404 in file classes/shop/Shop.php
*ERROR* 	2016/11/08 - 14:23:46: Shop not found at line 404 in file classes/shop/Shop.php
*ERROR* 	2016/11/08 - 14:24:20: Shop not found at line 404 in file classes/shop/Shop.php
*ERROR* 	2016/11/08 - 14:24:29: Shop not found at line 404 in file classes/shop/Shop.php
*ERROR* 	2016/11/08 - 14:24:33: Shop not found at line 404 in file classes/shop/Shop.php
*ERROR* 	2016/11/08 - 14:24:34: Shop not found at line 404 in file classes/shop/Shop.php
*ERROR* 	2016/11/08 - 14:24:42: Shop not found at line 404 in file classes/shop/Shop.php
*ERROR* 	2016/11/08 - 14:24:42: Shop not found at line 404 in file classes/shop/Shop.php
*ERROR* 	2016/11/08 - 14:25:05: Shop not found at line 404 in file classes/shop/Shop.php
*ERROR* 	2016/11/08 - 14:25:05: Shop not found at line 404 in file classes/shop/Shop.php
*ERROR* 	2016/11/08 - 14:25:06: Shop not found at line 404 in file classes/shop/Shop.php
*ERROR* 	2016/11/08 - 14:25:10: Shop not found at line 404 in file classes/shop/Shop.php
*ERROR* 	2016/11/08 - 14:25:10: Shop not found at line 404 in file classes/shop/Shop.php
*ERROR* 	2016/11/08 - 14:25:17: Shop not found at line 404 in file classes/shop/Shop.php
*ERROR* 	2016/11/08 - 14:25:18: Shop not found at line 404 in file classes/shop/Shop.php
*ERROR* 	2016/11/08 - 14:25:18: Shop not found at line 404 in file classes/shop/Shop.php
*ERROR* 	2016/11/08 - 14:25:30: Shop not found at line 404 in file classes/shop/Shop.php
*ERROR* 	2016/11/08 - 14:25:38: Shop not found at line 404 in file classes/shop/Shop.php
*ERROR* 	2016/11/08 - 14:25:38: Shop not found at line 404 in file classes/shop/Shop.php
*ERROR* 	2016/11/08 - 14:25:38: Shop not found at line 404 in file classes/shop/Shop.php
*ERROR* 	2016/11/08 - 14:25:43: Shop not found at line 404 in file classes/shop/Shop.php
*ERROR* 	2016/11/08 - 14:26:18: Shop not found at line 404 in file classes/shop/Shop.php
*ERROR* 	2016/11/08 - 14:26:30: Shop not found at line 404 in file classes/shop/Shop.php
*ERROR* 	2016/11/08 - 14:26:32: Shop not found at line 404 in file classes/shop/Shop.php
*ERROR* 	2016/11/08 - 14:26:33: Shop not found at line 404 in file classes/shop/Shop.php
*ERROR* 	2016/11/08 - 14:26:47: Shop not found at line 404 in file classes/shop/Shop.php
*ERROR* 	2016/11/08 - 14:26:47: Shop not found at line 404 in file classes/shop/Shop.php
*ERROR* 	2016/11/08 - 14:26:47: Shop not found at line 404 in file classes/shop/Shop.php
*ERROR* 	2016/11/08 - 14:27:05: Shop not found at line 404 in file classes/shop/Shop.php
*ERROR* 	2016/11/08 - 14:27:22: Shop not found at line 404 in file classes/shop/Shop.php
*ERROR* 	2016/11/08 - 14:27:24: Shop not found at line 404 in file classes/shop/Shop.php
*ERROR* 	2016/11/08 - 14:27:25: Shop not found at line 404 in file classes/shop/Shop.php
*ERROR* 	2016/11/08 - 14:27:25: Shop not found at line 404 in file classes/shop/Shop.php
*ERROR* 	2016/11/08 - 14:27:25: Shop not found at line 404 in file classes/shop/Shop.php
*ERROR* 	2016/11/08 - 14:27:27: Shop not found at line 404 in file classes/shop/Shop.php
*ERROR* 	2016/11/08 - 14:27:30: Shop not found at line 404 in file classes/shop/Shop.php
*ERROR* 	2016/11/08 - 14:27:33: Shop not found at line 404 in file classes/shop/Shop.php
*ERROR* 	2016/11/08 - 14:27:44: Shop not found at line 404 in file classes/shop/Shop.php
*ERROR* 	2016/11/08 - 14:27:47: Shop not found at line 404 in file classes/shop/Shop.php
*ERROR* 	2016/11/08 - 14:27:47: Shop not found at line 404 in file classes/shop/Shop.php
*ERROR* 	2016/11/08 - 14:27:47: Shop not found at line 404 in file classes/shop/Shop.php
*ERROR* 	2016/11/08 - 14:27:51: Shop not found at line 404 in file classes/shop/Shop.php
*ERROR* 	2016/11/08 - 14:27:53: Shop not found at line 404 in file classes/shop/Shop.php
*ERROR* 	2016/11/08 - 14:27:54: Shop not found at line 404 in file classes/shop/Shop.php
*ERROR* 	2016/11/08 - 14:28:10: Shop not found at line 404 in file classes/shop/Shop.php
*ERROR* 	2016/11/08 - 14:28:32: Shop not found at line 404 in file classes/shop/Shop.php
*ERROR* 	2016/11/08 - 14:28:33: Shop not found at line 404 in file classes/shop/Shop.php
*ERROR* 	2016/11/08 - 14:28:49: Shop not found at line 404 in file classes/shop/Shop.php
*ERROR* 	2016/11/08 - 14:28:50: Shop not found at line 404 in file classes/shop/Shop.php
*ERROR* 	2016/11/08 - 14:28:50: Shop not found at line 404 in file classes/shop/Shop.php
*ERROR* 	2016/11/08 - 14:28:53: Shop not found at line 404 in file classes/shop/Shop.php
*ERROR* 	2016/11/08 - 14:29:13: Shop not found at line 404 in file classes/shop/Shop.php
*ERROR* 	2016/11/08 - 14:29:13: Shop not found at line 404 in file classes/shop/Shop.php
*ERROR* 	2016/11/08 - 14:29:14: Shop not found at line 404 in file classes/shop/Shop.php
*ERROR* 	2016/11/08 - 14:29:43: Shop not found at line 404 in file classes/shop/Shop.php
*ERROR* 	2016/11/08 - 14:29:43: Shop not found at line 404 in file classes/shop/Shop.php
*ERROR* 	2016/11/08 - 14:30:04: Shop not found at line 404 in file classes/shop/Shop.php
*ERROR* 	2016/11/08 - 14:30:05: Shop not found at line 404 in file classes/shop/Shop.php
*ERROR* 	2016/11/08 - 14:30:14: Shop not found at line 404 in file classes/shop/Shop.php
*ERROR* 	2016/11/08 - 14:30:15: Shop not found at line 404 in file classes/shop/Shop.php
*ERROR* 	2016/11/08 - 14:30:21: Shop not found at line 404 in file classes/shop/Shop.php
*ERROR* 	2016/11/08 - 14:30:21: Shop not found at line 404 in file classes/shop/Shop.php
*ERROR* 	2016/11/08 - 14:30:28: Shop not found at line 404 in file classes/shop/Shop.php
*ERROR* 	2016/11/08 - 14:30:31: Shop not found at line 404 in file classes/shop/Shop.php
*ERROR* 	2016/11/08 - 14:30:49: Shop not found at line 404 in file classes/shop/Shop.php
*ERROR* 	2016/11/08 - 14:31:07: Shop not found at line 404 in file classes/shop/Shop.php
*ERROR* 	2016/11/08 - 14:31:18: Shop not found at line 404 in file classes/shop/Shop.php
*ERROR* 	2016/11/08 - 14:31:19: Shop not found at line 404 in file classes/shop/Shop.php
*ERROR* 	2016/11/08 - 14:31:20: Shop not found at line 404 in file classes/shop/Shop.php
*ERROR* 	2016/11/08 - 14:31:21: Shop not found at line 404 in file classes/shop/Shop.php
*ERROR* 	2016/11/08 - 14:31:21: Shop not found at line 404 in file classes/shop/Shop.php
*ERROR* 	2016/11/08 - 14:31:22: Shop not found at line 404 in file classes/shop/Shop.php
*ERROR* 	2016/11/08 - 14:31:22: Shop not found at line 404 in file classes/shop/Shop.php
*ERROR* 	2016/11/08 - 14:31:22: Shop not found at line 404 in file classes/shop/Shop.php
*ERROR* 	2016/11/08 - 14:31:24: Shop not found at line 404 in file classes/shop/Shop.php
*ERROR* 	2016/11/08 - 14:31:24: Shop not found at line 404 in file classes/shop/Shop.php
*ERROR* 	2016/11/08 - 14:31:24: Shop not found at line 404 in file classes/shop/Shop.php
*ERROR* 	2016/11/08 - 14:31:26: Shop not found at line 404 in file classes/shop/Shop.php
*ERROR* 	2016/11/08 - 14:31:36: Shop not found at line 404 in file classes/shop/Shop.php
*ERROR* 	2016/11/08 - 14:31:36: Shop not found at line 404 in file classes/shop/Shop.php
*ERROR* 	2016/11/08 - 14:31:36: Shop not found at line 404 in file classes/shop/Shop.php
*ERROR* 	2016/11/08 - 14:31:37: Shop not found at line 404 in file classes/shop/Shop.php
*ERROR* 	2016/11/08 - 14:31:42: Shop not found at line 404 in file classes/shop/Shop.php
*ERROR* 	2016/11/08 - 14:32:19: Shop not found at line 404 in file classes/shop/Shop.php
*ERROR* 	2016/11/08 - 14:32:57: Shop not found at line 404 in file classes/shop/Shop.php
*ERROR* 	2016/11/08 - 14:33:01: Shop not found at line 404 in file classes/shop/Shop.php
*ERROR* 	2016/11/08 - 14:33:01: Shop not found at line 404 in file classes/shop/Shop.php
*ERROR* 	2016/11/08 - 14:33:01: Shop not found at line 404 in file classes/shop/Shop.php
*ERROR* 	2016/11/08 - 14:33:13: Shop not found at line 404 in file classes/shop/Shop.php
*ERROR* 	2016/11/08 - 14:33:13: Shop not found at line 404 in file classes/shop/Shop.php
*ERROR* 	2016/11/08 - 14:33:13: Shop not found at line 404 in file classes/shop/Shop.php
*ERROR* 	2016/11/08 - 14:33:15: Shop not found at line 404 in file classes/shop/Shop.php
*ERROR* 	2016/11/08 - 14:33:18: Shop not found at line 404 in file classes/shop/Shop.php
*ERROR* 	2016/11/08 - 14:33:18: Shop not found at line 404 in file classes/shop/Shop.php
*ERROR* 	2016/11/08 - 14:33:24: Shop not found at line 404 in file classes/shop/Shop.php
*ERROR* 	2016/11/08 - 14:33:25: Shop not found at line 404 in file classes/shop/Shop.php
*ERROR* 	2016/11/08 - 14:33:35: Shop not found at line 404 in file classes/shop/Shop.php
*ERROR* 	2016/11/08 - 14:33:39: Shop not found at line 404 in file classes/shop/Shop.php
*ERROR* 	2016/11/08 - 14:33:39: Shop not found at line 404 in file classes/shop/Shop.php
*ERROR* 	2016/11/08 - 14:33:42: Shop not found at line 404 in file classes/shop/Shop.php
*ERROR* 	2016/11/08 - 14:33:48: Shop not found at line 404 in file classes/shop/Shop.php
*ERROR* 	2016/11/08 - 14:34:17: Shop not found at line 404 in file classes/shop/Shop.php
*ERROR* 	2016/11/08 - 14:34:18: Shop not found at line 404 in file classes/shop/Shop.php
*ERROR* 	2016/11/08 - 14:34:18: Shop not found at line 404 in file classes/shop/Shop.php
*ERROR* 	2016/11/08 - 14:34:18: Shop not found at line 404 in file classes/shop/Shop.php
*ERROR* 	2016/11/08 - 14:34:18: Shop not found at line 404 in file classes/shop/Shop.php
*ERROR* 	2016/11/08 - 14:34:18: Shop not found at line 404 in file classes/shop/Shop.php
*ERROR* 	2016/11/08 - 14:34:19: Shop not found at line 404 in file classes/shop/Shop.php
*ERROR* 	2016/11/08 - 14:34:20: Shop not found at line 404 in file classes/shop/Shop.php
*ERROR* 	2016/11/08 - 14:34:20: Shop not found at line 404 in file classes/shop/Shop.php
*ERROR* 	2016/11/08 - 14:34:20: Shop not found at line 404 in file classes/shop/Shop.php
*ERROR* 	2016/11/08 - 14:34:22: Shop not found at line 404 in file classes/shop/Shop.php
*ERROR* 	2016/11/08 - 14:34:22: Shop not found at line 404 in file classes/shop/Shop.php
*ERROR* 	2016/11/08 - 14:34:22: Shop not found at line 404 in file classes/shop/Shop.php
*ERROR* 	2016/11/08 - 14:34:24: Shop not found at line 404 in file classes/shop/Shop.php
*ERROR* 	2016/11/08 - 14:34:25: Shop not found at line 404 in file classes/shop/Shop.php
*ERROR* 	2016/11/08 - 14:34:25: Shop not found at line 404 in file classes/shop/Shop.php
*ERROR* 	2016/11/08 - 14:34:27: Shop not found at line 404 in file classes/shop/Shop.php
*ERROR* 	2016/11/08 - 14:34:27: Shop not found at line 404 in file classes/shop/Shop.php
*ERROR* 	2016/11/08 - 14:34:28: Shop not found at line 404 in file classes/shop/Shop.php
*ERROR* 	2016/11/08 - 14:34:28: Shop not found at line 404 in file classes/shop/Shop.php
*ERROR* 	2016/11/08 - 14:34:28: Shop not found at line 404 in file classes/shop/Shop.php
*ERROR* 	2016/11/08 - 14:34:30: Shop not found at line 404 in file classes/shop/Shop.php
*ERROR* 	2016/11/08 - 14:34:30: Shop not found at line 404 in file classes/shop/Shop.php
*ERROR* 	2016/11/08 - 14:34:31: Shop not found at line 404 in file classes/shop/Shop.php
*ERROR* 	2016/11/08 - 14:34:38: Shop not found at line 404 in file classes/shop/Shop.php
*ERROR* 	2016/11/08 - 14:34:39: Shop not found at line 404 in file classes/shop/Shop.php
*ERROR* 	2016/11/08 - 14:34:39: Shop not found at line 404 in file classes/shop/Shop.php
*ERROR* 	2016/11/08 - 14:34:46: Shop not found at line 404 in file classes/shop/Shop.php
*ERROR* 	2016/11/08 - 14:34:52: Shop not found at line 404 in file classes/shop/Shop.php
*ERROR* 	2016/11/08 - 14:34:53: Shop not found at line 404 in file classes/shop/Shop.php
*ERROR* 	2016/11/08 - 14:34:53: Shop not found at line 404 in file classes/shop/Shop.php
*ERROR* 	2016/11/08 - 14:34:54: Shop not found at line 404 in file classes/shop/Shop.php
*ERROR* 	2016/11/08 - 14:34:54: Shop not found at line 404 in file classes/shop/Shop.php
*ERROR* 	2016/11/08 - 14:34:56: Shop not found at line 404 in file classes/shop/Shop.php
*ERROR* 	2016/11/08 - 14:34:56: Shop not found at line 404 in file classes/shop/Shop.php
*ERROR* 	2016/11/08 - 14:34:58: Shop not found at line 404 in file classes/shop/Shop.php
*ERROR* 	2016/11/08 - 14:34:58: Shop not found at line 404 in file classes/shop/Shop.php
*ERROR* 	2016/11/08 - 14:35:03: Shop not found at line 404 in file classes/shop/Shop.php
*ERROR* 	2016/11/08 - 14:35:03: Shop not found at line 404 in file classes/shop/Shop.php
*ERROR* 	2016/11/08 - 14:35:06: Shop not found at line 404 in file classes/shop/Shop.php
*ERROR* 	2016/11/08 - 14:35:06: Shop not found at line 404 in file classes/shop/Shop.php
*ERROR* 	2016/11/08 - 14:35:07: Shop not found at line 404 in file classes/shop/Shop.php
*ERROR* 	2016/11/08 - 14:35:11: Shop not found at line 404 in file classes/shop/Shop.php
*ERROR* 	2016/11/08 - 14:35:46: Shop not found at line 404 in file classes/shop/Shop.php
*ERROR* 	2016/11/08 - 14:35:46: Shop not found at line 404 in file classes/shop/Shop.php
*ERROR* 	2016/11/08 - 14:35:47: Shop not found at line 404 in file classes/shop/Shop.php
*ERROR* 	2016/11/08 - 14:35:51: Shop not found at line 404 in file classes/shop/Shop.php
*ERROR* 	2016/11/08 - 14:35:51: Shop not found at line 404 in file classes/shop/Shop.php
*ERROR* 	2016/11/08 - 14:35:51: Shop not found at line 404 in file classes/shop/Shop.php
*ERROR* 	2016/11/08 - 14:36:11: Shop not found at line 404 in file classes/shop/Shop.php
*ERROR* 	2016/11/08 - 14:36:28: Shop not found at line 404 in file classes/shop/Shop.php
*ERROR* 	2016/11/08 - 14:36:45: Shop not found at line 404 in file classes/shop/Shop.php
*ERROR* 	2016/11/08 - 14:37:25: Shop not found at line 404 in file classes/shop/Shop.php
*ERROR* 	2016/11/08 - 14:37:35: Shop not found at line 404 in file classes/shop/Shop.php
*ERROR* 	2016/11/08 - 14:37:36: Shop not found at line 404 in file classes/shop/Shop.php
*ERROR* 	2016/11/08 - 14:37:42: Shop not found at line 404 in file classes/shop/Shop.php
*ERROR* 	2016/11/08 - 14:37:42: Shop not found at line 404 in file classes/shop/Shop.php
*ERROR* 	2016/11/08 - 14:37:53: Shop not found at line 404 in file classes/shop/Shop.php
*ERROR* 	2016/11/08 - 14:38:01: Shop not found at line 404 in file classes/shop/Shop.php
*ERROR* 	2016/11/08 - 14:38:23: Shop not found at line 404 in file classes/shop/Shop.php
*ERROR* 	2016/11/08 - 14:38:32: Shop not found at line 404 in file classes/shop/Shop.php
*ERROR* 	2016/11/08 - 14:38:39: Shop not found at line 404 in file classes/shop/Shop.php
*ERROR* 	2016/11/08 - 18:48:49: Shop not found at line 404 in file classes/shop/Shop.php
*ERROR* 	2016/11/08 - 18:48:49: Shop not found at line 404 in file classes/shop/Shop.php
*ERROR* 	2016/11/08 - 18:48:51: Shop not found at line 404 in file classes/shop/Shop.php
*ERROR* 	2016/11/08 - 18:48:56: Current theme unselected. Please check your theme configuration. at line 117 in file config/config.inc.php
*ERROR* 	2016/11/08 - 19:57:09: Duplicate entry '0' for key 'PRIMARY'<br /><br /><pre>INSERT INTO `ps_guest` (`id_operating_system`, `id_web_browser`, `id_customer`, `javascript`, `screen_resolution_x`, `screen_resolution_y`, `screen_color`, `sun_java`, `adobe_flash`, `adobe_director`, `apple_quicktime`, `real_player`, `windows_media`, `accept_language`, `mobile_theme`) VALUES ('5', '10', '0', '0', '0', '0', '0', '0', '0', '0', '0', '0', '0', 'fr', '0')</pre> at line 791 in file classes/db/Db.php
*ERROR* 	2016/11/08 - 19:57:27: Duplicate entry '0' for key 'PRIMARY'<br /><br /><pre>INSERT INTO `ps_guest` (`id_operating_system`, `id_web_browser`, `id_customer`, `javascript`, `screen_resolution_x`, `screen_resolution_y`, `screen_color`, `sun_java`, `adobe_flash`, `adobe_director`, `apple_quicktime`, `real_player`, `windows_media`, `accept_language`, `mobile_theme`) VALUES ('7', '10', '0', '0', '0', '0', '0', '0', '0', '0', '0', '0', '0', 'nl', '0')</pre> at line 791 in file classes/db/Db.php
*ERROR* 	2016/11/08 - 19:59:51: Duplicate entry '0' for key 'PRIMARY'<br /><br /><pre>INSERT INTO `ps_guest` (`id_operating_system`, `id_web_browser`, `id_customer`, `javascript`, `screen_resolution_x`, `screen_resolution_y`, `screen_color`, `sun_java`, `adobe_flash`, `adobe_director`, `apple_quicktime`, `real_player`, `windows_media`, `accept_language`, `mobile_theme`) VALUES ('0', '0', '0', '0', '0', '0', '0', '0', '0', '0', '0', '0', '0', '', '0')</pre> at line 791 in file classes/db/Db.php
*ERROR* 	2016/11/08 - 20:00:36: Duplicate entry '0' for key 'PRIMARY'<br /><br /><pre>INSERT INTO `ps_guest` (`id_operating_system`, `id_web_browser`, `id_customer`, `javascript`, `screen_resolution_x`, `screen_resolution_y`, `screen_color`, `sun_java`, `adobe_flash`, `adobe_director`, `apple_quicktime`, `real_player`, `windows_media`, `accept_language`, `mobile_theme`) VALUES ('0', '0', '0', '0', '0', '0', '0', '0', '0', '0', '0', '0', '0', '', '0')</pre> at line 791 in file classes/db/Db.php
*ERROR* 	2016/11/08 - 20:00:39: Duplicate entry '0' for key 'PRIMARY'<br /><br /><pre>INSERT INTO `ps_guest` (`id_operating_system`, `id_web_browser`, `id_customer`, `javascript`, `screen_resolution_x`, `screen_resolution_y`, `screen_color`, `sun_java`, `adobe_flash`, `adobe_director`, `apple_quicktime`, `real_player`, `windows_media`, `accept_language`, `mobile_theme`) VALUES ('5', '10', '0', '0', '0', '0', '0', '0', '0', '0', '0', '0', '0', '', '0')</pre> at line 791 in file classes/db/Db.php
*ERROR* 	2016/11/08 - 20:00:58: Duplicate entry '0' for key 'PRIMARY'<br /><br /><pre>INSERT INTO `ps_guest` (`id_operating_system`, `id_web_browser`, `id_customer`, `javascript`, `screen_resolution_x`, `screen_resolution_y`, `screen_color`, `sun_java`, `adobe_flash`, `adobe_director`, `apple_quicktime`, `real_player`, `windows_media`, `accept_language`, `mobile_theme`) VALUES ('0', '0', '0', '0', '0', '0', '0', '0', '0', '0', '0', '0', '0', '', '0')</pre> at line 791 in file classes/db/Db.php
*ERROR* 	2016/11/08 - 20:01:13: Duplicate entry '0' for key 'PRIMARY'<br /><br /><pre>INSERT INTO `ps_guest` (`id_operating_system`, `id_web_browser`, `id_customer`, `javascript`, `screen_resolution_x`, `screen_resolution_y`, `screen_color`, `sun_java`, `adobe_flash`, `adobe_director`, `apple_quicktime`, `real_player`, `windows_media`, `accept_language`, `mobile_theme`) VALUES ('0', '0', '0', '0', '0', '0', '0', '0', '0', '0', '0', '0', '0', '', '0')</pre> at line 791 in file classes/db/Db.php
*ERROR* 	2016/11/08 - 20:02:13: Duplicate entry '0' for key 'PRIMARY'<br /><br /><pre>INSERT INTO `ps_guest` (`id_operating_system`, `id_web_browser`, `id_customer`, `javascript`, `screen_resolution_x`, `screen_resolution_y`, `screen_color`, `sun_java`, `adobe_flash`, `adobe_director`, `apple_quicktime`, `real_player`, `windows_media`, `accept_language`, `mobile_theme`) VALUES ('0', '0', '0', '0', '0', '0', '0', '0', '0', '0', '0', '0', '0', '', '0')</pre> at line 791 in file classes/db/Db.php
*ERROR* 	2016/11/08 - 20:02:14: Duplicate entry '0' for key 'PRIMARY'<br /><br /><pre>INSERT INTO `ps_guest` (`id_operating_system`, `id_web_browser`, `id_customer`, `javascript`, `screen_resolution_x`, `screen_resolution_y`, `screen_color`, `sun_java`, `adobe_flash`, `adobe_director`, `apple_quicktime`, `real_player`, `windows_media`, `accept_language`, `mobile_theme`) VALUES ('0', '0', '0', '0', '0', '0', '0', '0', '0', '0', '0', '0', '0', '', '0')</pre> at line 791 in file classes/db/Db.php
*ERROR* 	2016/11/08 - 20:02:18: Duplicate entry '0' for key 'PRIMARY'<br /><br /><pre>INSERT INTO `ps_guest` (`id_operating_system`, `id_web_browser`, `id_customer`, `javascript`, `screen_resolution_x`, `screen_resolution_y`, `screen_color`, `sun_java`, `adobe_flash`, `adobe_director`, `apple_quicktime`, `real_player`, `windows_media`, `accept_language`, `mobile_theme`) VALUES ('0', '0', '0', '0', '0', '0', '0', '0', '0', '0', '0', '0', '0', '', '0')</pre> at line 791 in file classes/db/Db.php
*ERROR* 	2016/11/08 - 20:02:56: Duplicate entry '0' for key 'PRIMARY'<br /><br /><pre>INSERT INTO `ps_guest` (`id_operating_system`, `id_web_browser`, `id_customer`, `javascript`, `screen_resolution_x`, `screen_resolution_y`, `screen_color`, `sun_java`, `adobe_flash`, `adobe_director`, `apple_quicktime`, `real_player`, `windows_media`, `accept_language`, `mobile_theme`) VALUES ('0', '10', '0', '0', '0', '0', '0', '0', '0', '0', '0', '0', '0', 'fr', '0')</pre> at line 791 in file classes/db/Db.php
*ERROR* 	2016/11/08 - 20:04:56: Duplicate entry '0' for key 'PRIMARY'<br /><br /><pre>INSERT INTO `ps_guest` (`id_operating_system`, `id_web_browser`, `id_customer`, `javascript`, `screen_resolution_x`, `screen_resolution_y`, `screen_color`, `sun_java`, `adobe_flash`, `adobe_director`, `apple_quicktime`, `real_player`, `windows_media`, `accept_language`, `mobile_theme`) VALUES ('0', '0', '0', '0', '0', '0', '0', '0', '0', '0', '0', '0', '0', '', '0')</pre> at line 791 in file classes/db/Db.php
*ERROR* 	2016/11/08 - 20:04:59: Duplicate entry '0' for key 'PRIMARY'<br /><br /><pre>INSERT INTO `ps_guest` (`id_operating_system`, `id_web_browser`, `id_customer`, `javascript`, `screen_resolution_x`, `screen_resolution_y`, `screen_color`, `sun_java`, `adobe_flash`, `adobe_director`, `apple_quicktime`, `real_player`, `windows_media`, `accept_language`, `mobile_theme`) VALUES ('7', '10', '0', '0', '0', '0', '0', '0', '0', '0', '0', '0', '0', '', '0')</pre> at line 791 in file classes/db/Db.php
*ERROR* 	2016/11/08 - 20:05:00: Duplicate entry '0' for key 'PRIMARY'<br /><br /><pre>INSERT INTO `ps_guest` (`id_operating_system`, `id_web_browser`, `id_customer`, `javascript`, `screen_resolution_x`, `screen_resolution_y`, `screen_color`, `sun_java`, `adobe_flash`, `adobe_director`, `apple_quicktime`, `real_player`, `windows_media`, `accept_language`, `mobile_theme`) VALUES ('0', '0', '0', '0', '0', '0', '0', '0', '0', '0', '0', '0', '0', '', '0')</pre> at line 791 in file classes/db/Db.php
*ERROR* 	2016/11/08 - 20:05:32: Duplicate entry '0' for key 'PRIMARY'<br /><br /><pre>INSERT INTO `ps_guest` (`id_operating_system`, `id_web_browser`, `id_customer`, `javascript`, `screen_resolution_x`, `screen_resolution_y`, `screen_color`, `sun_java`, `adobe_flash`, `adobe_director`, `apple_quicktime`, `real_player`, `windows_media`, `accept_language`, `mobile_theme`) VALUES ('7', '10', '0', '0', '0', '0', '0', '0', '0', '0', '0', '0', '0', '', '0')</pre> at line 791 in file classes/db/Db.php
*ERROR* 	2016/11/08 - 20:05:55: Duplicate entry '0' for key 'PRIMARY'<br /><br /><pre>INSERT INTO `ps_guest` (`id_operating_system`, `id_web_browser`, `id_customer`, `javascript`, `screen_resolution_x`, `screen_resolution_y`, `screen_color`, `sun_java`, `adobe_flash`, `adobe_director`, `apple_quicktime`, `real_player`, `windows_media`, `accept_language`, `mobile_theme`) VALUES ('3', '3', '0', '0', '0', '0', '0', '0', '0', '0', '0', '0', '0', 'fr', '0')</pre> at line 791 in file classes/db/Db.php
*ERROR* 	2016/11/08 - 20:06:11: Duplicate entry '0' for key 'PRIMARY'<br /><br /><pre>INSERT INTO `ps_guest` (`id_operating_system`, `id_web_browser`, `id_customer`, `javascript`, `screen_resolution_x`, `screen_resolution_y`, `screen_color`, `sun_java`, `adobe_flash`, `adobe_director`, `apple_quicktime`, `real_player`, `windows_media`, `accept_language`, `mobile_theme`) VALUES ('3', '11', '0', '0', '0', '0', '0', '0', '0', '0', '0', '0', '0', '', '0')</pre> at line 791 in file classes/db/Db.php
*ERROR* 	2016/11/08 - 20:06:32: Duplicate entry '0' for key 'PRIMARY'<br /><br /><pre>INSERT INTO `ps_guest` (`id_operating_system`, `id_web_browser`, `id_customer`, `javascript`, `screen_resolution_x`, `screen_resolution_y`, `screen_color`, `sun_java`, `adobe_flash`, `adobe_director`, `apple_quicktime`, `real_player`, `windows_media`, `accept_language`, `mobile_theme`) VALUES ('0', '0', '0', '0', '0', '0', '0', '0', '0', '0', '0', '0', '0', '', '0')</pre> at line 791 in file classes/db/Db.php
*ERROR* 	2016/11/08 - 20:07:37: Duplicate entry '0' for key 'PRIMARY'<br /><br /><pre>INSERT INTO `ps_guest` (`id_operating_system`, `id_web_browser`, `id_customer`, `javascript`, `screen_resolution_x`, `screen_resolution_y`, `screen_color`, `sun_java`, `adobe_flash`, `adobe_director`, `apple_quicktime`, `real_player`, `windows_media`, `accept_language`, `mobile_theme`) VALUES ('7', '10', '0', '0', '0', '0', '0', '0', '0', '0', '0', '0', '0', 'en', '0')</pre> at line 791 in file classes/db/Db.php
*ERROR* 	2016/11/08 - 20:08:14: Duplicate entry '0' for key 'PRIMARY'<br /><br /><pre>INSERT INTO `ps_guest` (`id_operating_system`, `id_web_browser`, `id_customer`, `javascript`, `screen_resolution_x`, `screen_resolution_y`, `screen_color`, `sun_java`, `adobe_flash`, `adobe_director`, `apple_quicktime`, `real_player`, `windows_media`, `accept_language`, `mobile_theme`) VALUES ('7', '10', '0', '0', '0', '0', '0', '0', '0', '0', '0', '0', '0', 'fr', '0')</pre> at line 791 in file classes/db/Db.php
*ERROR* 	2016/11/08 - 20:08:22: Duplicate entry '0' for key 'PRIMARY'<br /><br /><pre>INSERT INTO `ps_guest` (`id_operating_system`, `id_web_browser`, `id_customer`, `javascript`, `screen_resolution_x`, `screen_resolution_y`, `screen_color`, `sun_java`, `adobe_flash`, `adobe_director`, `apple_quicktime`, `real_player`, `windows_media`, `accept_language`, `mobile_theme`) VALUES ('7', '10', '0', '0', '0', '0', '0', '0', '0', '0', '0', '0', '0', 'fr', '0')</pre> at line 791 in file classes/db/Db.php
*ERROR* 	2016/11/08 - 20:08:32: Duplicate entry '0' for key 'PRIMARY'<br /><br /><pre>INSERT INTO `ps_guest` (`id_operating_system`, `id_web_browser`, `id_customer`, `javascript`, `screen_resolution_x`, `screen_resolution_y`, `screen_color`, `sun_java`, `adobe_flash`, `adobe_director`, `apple_quicktime`, `real_player`, `windows_media`, `accept_language`, `mobile_theme`) VALUES ('0', '0', '0', '0', '0', '0', '0', '0', '0', '0', '0', '0', '0', '', '0')</pre> at line 791 in file classes/db/Db.php
*ERROR* 	2016/11/08 - 20:09:02: Duplicate entry '0' for key 'PRIMARY'<br /><br /><pre>INSERT INTO `ps_guest` (`id_operating_system`, `id_web_browser`, `id_customer`, `javascript`, `screen_resolution_x`, `screen_resolution_y`, `screen_color`, `sun_java`, `adobe_flash`, `adobe_director`, `apple_quicktime`, `real_player`, `windows_media`, `accept_language`, `mobile_theme`) VALUES ('0', '0', '0', '0', '0', '0', '0', '0', '0', '0', '0', '0', '0', '', '0')</pre> at line 791 in file classes/db/Db.php
*ERROR* 	2016/11/08 - 20:09:05: Duplicate entry '0' for key 'PRIMARY'<br /><br /><pre>INSERT INTO `ps_guest` (`id_operating_system`, `id_web_browser`, `id_customer`, `javascript`, `screen_resolution_x`, `screen_resolution_y`, `screen_color`, `sun_java`, `adobe_flash`, `adobe_director`, `apple_quicktime`, `real_player`, `windows_media`, `accept_language`, `mobile_theme`) VALUES ('0', '0', '0', '0', '0', '0', '0', '0', '0', '0', '0', '0', '0', '', '0')</pre> at line 791 in file classes/db/Db.php
*ERROR* 	2016/11/08 - 20:09:25: Duplicate entry '0' for key 'PRIMARY'<br /><br /><pre>INSERT INTO `ps_guest` (`id_operating_system`, `id_web_browser`, `id_customer`, `javascript`, `screen_resolution_x`, `screen_resolution_y`, `screen_color`, `sun_java`, `adobe_flash`, `adobe_director`, `apple_quicktime`, `real_player`, `windows_media`, `accept_language`, `mobile_theme`) VALUES ('7', '10', '0', '0', '0', '0', '0', '0', '0', '0', '0', '0', '0', 'fr', '0')</pre> at line 791 in file classes/db/Db.php
*ERROR* 	2016/11/08 - 20:09:47: Duplicate entry '0' for key 'PRIMARY'<br /><br /><pre>INSERT INTO `ps_guest` (`id_operating_system`, `id_web_browser`, `id_customer`, `javascript`, `screen_resolution_x`, `screen_resolution_y`, `screen_color`, `sun_java`, `adobe_flash`, `adobe_director`, `apple_quicktime`, `real_player`, `windows_media`, `accept_language`, `mobile_theme`) VALUES ('0', '0', '0', '0', '0', '0', '0', '0', '0', '0', '0', '0', '0', '', '0')</pre> at line 791 in file classes/db/Db.php
*ERROR* 	2016/11/08 - 20:10:04: Duplicate entry '0' for key 'PRIMARY'<br /><br /><pre>INSERT INTO `ps_guest` (`id_operating_system`, `id_web_browser`, `id_customer`, `javascript`, `screen_resolution_x`, `screen_resolution_y`, `screen_color`, `sun_java`, `adobe_flash`, `adobe_director`, `apple_quicktime`, `real_player`, `windows_media`, `accept_language`, `mobile_theme`) VALUES ('0', '0', '0', '0', '0', '0', '0', '0', '0', '0', '0', '0', '0', '', '0')</pre> at line 791 in file classes/db/Db.php
*ERROR* 	2016/11/08 - 20:10:11: Duplicate entry '0' for key 'PRIMARY'<br /><br /><pre>INSERT INTO `ps_guest` (`id_operating_system`, `id_web_browser`, `id_customer`, `javascript`, `screen_resolution_x`, `screen_resolution_y`, `screen_color`, `sun_java`, `adobe_flash`, `adobe_director`, `apple_quicktime`, `real_player`, `windows_media`, `accept_language`, `mobile_theme`) VALUES ('7', '10', '0', '0', '0', '0', '0', '0', '0', '0', '0', '0', '0', 'fr', '0')</pre> at line 791 in file classes/db/Db.php
*ERROR* 	2016/11/08 - 20:10:12: Duplicate entry '0' for key 'PRIMARY'<br /><br /><pre>INSERT INTO `ps_connections` (`id_guest`, `id_page`, `ip_address`, `http_referer`, `id_shop`, `id_shop_group`, `date_add`) VALUES ('1534448', '64', '1509982750', 'https://www.google.fr/', '1', '1', '2016-11-08 20:10:12')</pre> at line 791 in file classes/db/Db.php
*ERROR* 	2016/11/08 - 20:10:48: Duplicate entry '0' for key 'PRIMARY'<br /><br /><pre>INSERT INTO `ps_guest` (`id_operating_system`, `id_web_browser`, `id_customer`, `javascript`, `screen_resolution_x`, `screen_resolution_y`, `screen_color`, `sun_java`, `adobe_flash`, `adobe_director`, `apple_quicktime`, `real_player`, `windows_media`, `accept_language`, `mobile_theme`) VALUES ('0', '0', '0', '0', '0', '0', '0', '0', '0', '0', '0', '0', '0', '', '0')</pre> at line 791 in file classes/db/Db.php
*ERROR* 	2016/11/08 - 20:10:51: Duplicate entry '0' for key 'PRIMARY'<br /><br /><pre>INSERT INTO `ps_guest` (`id_operating_system`, `id_web_browser`, `id_customer`, `javascript`, `screen_resolution_x`, `screen_resolution_y`, `screen_color`, `sun_java`, `adobe_flash`, `adobe_director`, `apple_quicktime`, `real_player`, `windows_media`, `accept_language`, `mobile_theme`) VALUES ('7', '10', '0', '0', '0', '0', '0', '0', '0', '0', '0', '0', '0', 'fr', '0')</pre> at line 791 in file classes/db/Db.php
*ERROR* 	2016/11/08 - 20:10:54: Duplicate entry '0' for key 'PRIMARY'<br /><br /><pre>INSERT INTO `ps_guest` (`id_operating_system`, `id_web_browser`, `id_customer`, `javascript`, `screen_resolution_x`, `screen_resolution_y`, `screen_color`, `sun_java`, `adobe_flash`, `adobe_director`, `apple_quicktime`, `real_player`, `windows_media`, `accept_language`, `mobile_theme`) VALUES ('1', '10', '0', '0', '0', '0', '0', '0', '0', '0', '0', '0', '0', 'fr', '0')</pre> at line 791 in file classes/db/Db.php
*ERROR* 	2016/11/08 - 20:11:05: Duplicate entry '0' for key 'PRIMARY'<br /><br /><pre>INSERT INTO `ps_guest` (`id_operating_system`, `id_web_browser`, `id_customer`, `javascript`, `screen_resolution_x`, `screen_resolution_y`, `screen_color`, `sun_java`, `adobe_flash`, `adobe_director`, `apple_quicktime`, `real_player`, `windows_media`, `accept_language`, `mobile_theme`) VALUES ('0', '0', '0', '0', '0', '0', '0', '0', '0', '0', '0', '0', '0', '', '0')</pre> at line 791 in file classes/db/Db.php
