*INFO* 	2016/09/05 - 17:20:22: Form data generation for cart #14048 with standard payment.
*INFO* 	2016/09/05 - 17:20:22: Data to be sent to payment platform : Array
(
    [signature] => 40f74763c32d37fba235dd3d42e415fcf8d0d625
    [vads_action_mode] => INTERACTIVE
    [vads_amount] => 10830
    [vads_contrib] => Prestashop1.5.0.x_1.2f/1.6.1.6
    [vads_ctx_mode] => PRODUCTION
    [vads_currency] => 978
    [vads_cust_address] => 10 rue test 
    [vads_cust_country] => FR
    [vads_cust_email] => laetitia@yateo.com
    [vads_cust_id] => 4385
    [vads_cust_phone] => 0165987896
    [vads_cust_title] => Mme
    [vads_cust_city] => paris
    [vads_cust_zip] => 75012
    [vads_language] => fr
    [vads_order_id] => 14048
    [vads_order_info] => Paiement par carte bancaire
    [vads_page_action] => PAYMENT
    [vads_payment_cards] => CB;VISA;VISA_ELECTRON;MASTERCARD;MAESTRO;E-CARTEBLEUE
    [vads_payment_config] => SINGLE
    [vads_redirect_error_message] => Redirection vers la boutique dans quelques instants...
    [vads_redirect_error_timeout] => 5
    [vads_redirect_success_message] => Redirection vers la boutique dans quelques instants...
    [vads_redirect_success_timeout] => 0
    [vads_return_mode] => GET
    [vads_ship_to_street] => 
    [vads_ship_to_country] => FR
    [vads_site_id] => 84119951
    [vads_trans_date] => 20160905152021
    [vads_trans_id] => 624219
    [vads_url_return] => http://blf.dev.yateo.com/module/systempay/submit
    [vads_version] => V2
    [vads_threeds_mpi] => 2
    [vads_cust_first_name] => Laetitia
    [vads_cust_last_name] => klein
    [vads_ship_to_first_name] => 
    [vads_ship_to_last_name] => 
)

*INFO* 	2016/09/05 - 17:20:59: User return to shop process starts for cart #14048.
*INFO* 	2016/09/05 - 17:20:59: Payment failed, redirect to order checkout page, cart ID : #14048.
*INFO* 	2016/09/06 - 11:03:11: Form data generation for cart #14049 with standard payment.
*INFO* 	2016/09/06 - 11:03:11: Data to be sent to payment platform : Array
(
    [signature] => ca720704f204beae22fe9379434125e1d2bb59ad
    [vads_action_mode] => INTERACTIVE
    [vads_amount] => 4690
    [vads_contrib] => Prestashop1.5.0.x_1.2f/1.6.1.6
    [vads_ctx_mode] => PRODUCTION
    [vads_currency] => 978
    [vads_cust_address] => 10 rue test 
    [vads_cust_country] => FR
    [vads_cust_email] => laetitia@yateo.com
    [vads_cust_id] => 4385
    [vads_cust_phone] => 0165987896
    [vads_cust_title] => Mme
    [vads_cust_city] => paris
    [vads_cust_zip] => 75012
    [vads_language] => fr
    [vads_order_id] => 14049
    [vads_order_info] => Paiement par carte bancaire
    [vads_page_action] => PAYMENT
    [vads_payment_cards] => CB;VISA;VISA_ELECTRON;MASTERCARD;MAESTRO;E-CARTEBLEUE
    [vads_payment_config] => SINGLE
    [vads_redirect_error_message] => Redirection vers la boutique dans quelques instants...
    [vads_redirect_error_timeout] => 5
    [vads_redirect_success_message] => Redirection vers la boutique dans quelques instants...
    [vads_redirect_success_timeout] => 0
    [vads_return_mode] => GET
    [vads_ship_to_street] => S &amp;K MARKET 2 RUE EDOUARD ROBERT  
    [vads_ship_to_country] => FR
    [vads_ship_to_city] => PARIS
    [vads_ship_to_zip] => 75012
    [vads_site_id] => 84119951
    [vads_trans_date] => 20160906090311
    [vads_trans_id] => 397914
    [vads_url_return] => http://blf.dev.yateo.com/module/systempay/submit
    [vads_version] => V2
    [vads_threeds_mpi] => 2
    [vads_cust_first_name] => Laetitia
    [vads_cust_last_name] => klein
    [vads_ship_to_first_name] => Laetitia
    [vads_ship_to_last_name] => klein
)

*INFO* 	2016/09/06 - 11:03:24: User return to shop process starts for cart #14049.
*INFO* 	2016/09/06 - 11:03:24: Payment failed, redirect to order checkout page, cart ID : #14049.
