*INFO* 	2016/08/11 - 11:13:18: Form data generation for cart #14044 with standard payment.
*INFO* 	2016/08/11 - 11:13:18: Data to be sent to payment platform : Array
(
    [signature] => a292f88cdac534875d054695eaed1879c28dce76
    [vads_action_mode] => INTERACTIVE
    [vads_amount] => 9971
    [vads_contrib] => Prestashop1.5.0.x_1.2f/1.6.1.6
    [vads_ctx_mode] => PRODUCTION
    [vads_currency] => 978
    [vads_cust_address] => 33 rue linné 
    [vads_cust_country] => FR
    [vads_cust_email] => valentin@yateo.com
    [vads_cust_id] => 3633
    [vads_cust_phone] => 
    [vads_cust_title] => M.
    [vads_cust_city] => PARIS 05
    [vads_cust_zip] => 75005
    [vads_language] => fr
    [vads_order_id] => 14044
    [vads_order_info] => Paiement par carte bancaire
    [vads_page_action] => PAYMENT
    [vads_payment_cards] => CB;VISA;VISA_ELECTRON;MASTERCARD;MAESTRO;E-CARTEBLEUE
    [vads_payment_config] => SINGLE
    [vads_redirect_error_message] => Redirection vers la boutique dans quelques instants...
    [vads_redirect_error_timeout] => 5
    [vads_redirect_success_message] => Redirection vers la boutique dans quelques instants...
    [vads_redirect_success_timeout] => 0
    [vads_return_mode] => GET
    [vads_ship_to_street] => 
    [vads_ship_to_country] => FR
    [vads_site_id] => 84119951
    [vads_trans_date] => 20160811091318
    [vads_trans_id] => 403980
    [vads_url_return] => http://blf.dev.yateo.com/module/systempay/submit
    [vads_version] => V2
    [vads_threeds_mpi] => 2
    [vads_cust_first_name] => Valentin
    [vads_cust_last_name] => Thibault
    [vads_ship_to_first_name] => 
    [vads_ship_to_last_name] => 
)

